2021-08-26 22:37:29,185 INFO o.h.v.i.u.Version [background-preinit] HV000001: Hibernate Validator 6.2.0.Final
2021-08-26 22:37:29,209 INFO o.s.b.StartupInfoLogger [restartedMain] Starting DemoV1Application using Java 1.8.0_291 on DESKTOP-CD090595 with PID 14888 (C:\Users\Lucky Star\eclipse-workspace\demoV1\target\classes started by Lucky Star in C:\Users\Lucky Star\eclipse-workspace\demoV1)
2021-08-26 22:37:29,212 DEBUG o.s.b.StartupInfoLogger [restartedMain] Running with Spring Boot v2.5.4, Spring v5.3.9
2021-08-26 22:37:29,212 INFO o.s.b.SpringApplication [restartedMain] No active profile set, falling back to default profiles: default
2021-08-26 22:37:29,947 INFO o.s.d.r.c.RepositoryConfigurationDelegate [restartedMain] Multiple Spring Data modules found, entering strict repository configuration mode!
2021-08-26 22:37:29,978 INFO o.s.d.r.c.RepositoryConfigurationDelegate [restartedMain] Bootstrapping Spring Data Redis repositories in DEFAULT mode.
2021-08-26 22:37:30,008 INFO o.s.d.r.c.RepositoryConfigurationDelegate [restartedMain] Finished Spring Data repository scanning in 6 ms. Found 0 Redis repository interfaces.
2021-08-26 22:37:30,396 INFO o.a.j.l.DirectJDKLog [restartedMain] Initializing ProtocolHandler ["http-nio-8080"]
2021-08-26 22:37:30,396 INFO o.a.j.l.DirectJDKLog [restartedMain] Starting service [Tomcat]
2021-08-26 22:37:30,396 INFO o.a.j.l.DirectJDKLog [restartedMain] Starting Servlet engine: [Apache Tomcat/9.0.52]
2021-08-26 22:37:30,459 INFO o.a.j.l.DirectJDKLog [restartedMain] Initializing Spring embedded WebApplicationContext
2021-08-26 22:37:31,257 INFO o.a.j.l.DirectJDKLog [restartedMain] Starting ProtocolHandler ["http-nio-8080"]
2021-08-26 22:37:31,409 INFO o.s.b.StartupInfoLogger [restartedMain] Started DemoV1Application in 2.495 seconds (JVM running for 3.472)
2021-08-26 22:39:27,782 INFO o.a.j.l.DirectJDKLog [http-nio-8080-exec-1] Initializing Spring DispatcherServlet 'dispatcherServlet'
2021-08-26 22:39:27,782 INFO o.s.w.s.FrameworkServlet [http-nio-8080-exec-1] Initializing Servlet 'dispatcherServlet'
2021-08-26 22:39:27,783 INFO o.s.w.s.FrameworkServlet [http-nio-8080-exec-1] Completed initialization in 1 ms
2021-08-26 22:39:59,446 INFO c.v.c.PaymentController [http-nio-8080-exec-2] PaymentRequest: TokenKey-1601353776839FT19310RH6P1,Data-PaymentRequest(tokenKey=1601353776839FT19310RH6P1, apiID=restPayment, mobile=0345225630, bankCode=970445, accountNo=0001100014211002, payDate=20200929112923, additionalData=1111, debitAmount=11200, respCode=00, respDesc=SUCCESS, traceTransfer=FT19310RH6P1, messageType=1, checkSum=03452256309704450001100014211002202009291129231120000FT19310RH6P11xyz789, orderCode=FT19310RH6P1, userName=cntest001, realAmount=11100, promotionCode=11111)
2021-08-26 22:39:59,683 INFO c.v.c.PaymentController [http-nio-8080-exec-2] Response checkSum error: PaymentResponse(code=03, message=CheckSum incorrect or non-existent)
2021-08-26 22:40:37,566 INFO o.s.b.StartupInfoLogger [restartedMain] Starting DemoV1Application using Java 1.8.0_291 on DESKTOP-CD090595 with PID 14888 (C:\Users\Lucky Star\eclipse-workspace\demoV1\target\classes started by Lucky Star in C:\Users\Lucky Star\eclipse-workspace\demoV1)
2021-08-26 22:40:37,566 DEBUG o.s.b.StartupInfoLogger [restartedMain] Running with Spring Boot v2.5.4, Spring v5.3.9
2021-08-26 22:40:37,566 INFO o.s.b.SpringApplication [restartedMain] No active profile set, falling back to default profiles: default
2021-08-26 22:40:37,779 INFO o.s.d.r.c.RepositoryConfigurationDelegate [restartedMain] Multiple Spring Data modules found, entering strict repository configuration mode!
2021-08-26 22:40:37,780 INFO o.s.d.r.c.RepositoryConfigurationDelegate [restartedMain] Bootstrapping Spring Data Redis repositories in DEFAULT mode.
2021-08-26 22:40:37,781 INFO o.s.d.r.c.RepositoryConfigurationDelegate [restartedMain] Finished Spring Data repository scanning in 0 ms. Found 0 Redis repository interfaces.
2021-08-26 22:40:37,850 INFO o.a.j.l.DirectJDKLog [restartedMain] Initializing ProtocolHandler ["http-nio-8080"]
2021-08-26 22:40:37,850 INFO o.a.j.l.DirectJDKLog [restartedMain] Starting service [Tomcat]
2021-08-26 22:40:37,851 INFO o.a.j.l.DirectJDKLog [restartedMain] Starting Servlet engine: [Apache Tomcat/9.0.52]
2021-08-26 22:40:37,862 INFO o.a.j.l.DirectJDKLog [restartedMain] Initializing Spring embedded WebApplicationContext
2021-08-26 22:40:37,981 INFO o.a.j.l.DirectJDKLog [restartedMain] Starting ProtocolHandler ["http-nio-8080"]
2021-08-26 22:40:38,008 INFO o.s.b.StartupInfoLogger [restartedMain] Started DemoV1Application in 0.485 seconds (JVM running for 190.071)
2021-08-26 22:40:46,267 INFO o.a.j.l.DirectJDKLog [http-nio-8080-exec-1] Initializing Spring DispatcherServlet 'dispatcherServlet'
2021-08-26 22:40:46,267 INFO o.s.w.s.FrameworkServlet [http-nio-8080-exec-1] Initializing Servlet 'dispatcherServlet'
2021-08-26 22:40:46,268 INFO o.s.w.s.FrameworkServlet [http-nio-8080-exec-1] Completed initialization in 1 ms
2021-08-26 22:40:54,936 INFO c.v.c.PaymentController [http-nio-8080-exec-2] PaymentRequest: TokenKey-1601353776839FT19310RH6P1,Data-PaymentRequest(tokenKey=1601353776839FT19310RH6P1, apiID=restPayment, mobile=0345225630, bankCode=970445, accountNo=0001100014211002, payDate=20200929112923, additionalData=1111, debitAmount=11200, respCode=00, respDesc=SUCCESS, traceTransfer=FT19310RH6P1, messageType=1, checkSum=03452256309704450001100014211002202009291129231120000FT19310RH6P11xyz789, orderCode=FT19310RH6P1, userName=cntest001, realAmount=11100, promotionCode=11111)
2021-08-26 22:40:54,939 INFO c.v.c.PaymentController [http-nio-8080-exec-2] Response checkSum error: PaymentResponse(code=03, message=CheckSum incorrect or non-existent)
2021-08-26 22:41:08,963 INFO c.v.c.PaymentController [http-nio-8080-exec-4] PaymentRequest: TokenKey-1601353776839FT19310RH6P1,Data-PaymentRequest(tokenKey=1601353776839FT19310RH6P1, apiID=restPayment, mobile=0345225630, bankCode=970445, accountNo=0001100014211002, payDate=20200929112923, additionalData=1111, debitAmount=11200, respCode=00, respDesc=SUCCESS, traceTransfer=FT19310RH6P1, messageType=1, checkSum=07cb3cb1adce3aad292fc722213e0ce493d12e25c2761d8d5424aef25d5dbec4, orderCode=FT19310RH6P1, userName=cntest001, realAmount=11100, promotionCode=11111)
2021-08-26 22:41:09,045 INFO c.v.c.PaymentController [http-nio-8080-exec-4] Response : PaymentResponse(code=00, message=success)
