[INFO ] 2021-09-08 15:39:10.704 [] SpringApplicationAdminMXBeanRegistrar$SpringApplicationAdmin - Application shutdown requested.
[INFO ] 2021-09-08 15:39:33.547 [] Version - HV000001: Hibernate Validator 6.2.0.Final
[INFO ] 2021-09-08 15:39:33.571 [] DemoV1Application - Starting DemoV1Application using Java 1.8.0_291 on DESKTOP-CD090595 with PID 16340 (C:\Users\Lucky Star\eclipse-workspace\demoV1\target\classes started by Lucky Star in C:\Users\Lucky Star\eclipse-workspace\demoV1)
[INFO ] 2021-09-08 15:39:33.574 [] DemoV1Application - No active profile set, falling back to default profiles: default
[INFO ] 2021-09-08 15:39:33.634 [] DevToolsPropertyDefaultsPostProcessor - Devtools property defaults active! Set 'spring.devtools.add-properties' to 'false' to disable
[INFO ] 2021-09-08 15:39:33.635 [] DevToolsPropertyDefaultsPostProcessor - For additional web related logging consider setting the 'logging.level.web' property to 'DEBUG'
[INFO ] 2021-09-08 15:39:34.306 [] RepositoryConfigurationDelegate - Multiple Spring Data modules found, entering strict repository configuration mode!
[INFO ] 2021-09-08 15:39:34.309 [] RepositoryConfigurationDelegate - Bootstrapping Spring Data Redis repositories in DEFAULT mode.
[INFO ] 2021-09-08 15:39:34.324 [] RepositoryConfigurationDelegate - Finished Spring Data repository scanning in 4 ms. Found 0 Redis repository interfaces.
[INFO ] 2021-09-08 15:39:34.731 [] TomcatWebServer - Tomcat initialized with port(s): 8080 (http)
[INFO ] 2021-09-08 15:39:34.739 [] Http11NioProtocol - Initializing ProtocolHandler ["http-nio-8080"]
[INFO ] 2021-09-08 15:39:34.739 [] StandardService - Starting service [Tomcat]
[INFO ] 2021-09-08 15:39:34.740 [] StandardEngine - Starting Servlet engine: [Apache Tomcat/9.0.52]
[INFO ] 2021-09-08 15:39:34.806 [] [/] - Initializing Spring embedded WebApplicationContext
[INFO ] 2021-09-08 15:39:34.806 [] ServletWebServerApplicationContext - Root WebApplicationContext: initialization completed in 1171 ms
[INFO ] 2021-09-08 15:39:35.532 [] OptionalLiveReloadServer - LiveReload server is running on port 35729
[INFO ] 2021-09-08 15:39:35.670 [] Http11NioProtocol - Starting ProtocolHandler ["http-nio-8080"]
[INFO ] 2021-09-08 15:39:35.683 [] TomcatWebServer - Tomcat started on port(s): 8080 (http) with context path ''
[INFO ] 2021-09-08 15:39:35.835 [] DemoV1Application - Started DemoV1Application in 2.533 seconds (JVM running for 3.399)
[INFO ] 2021-09-08 15:39:51.918 [] [/] - Initializing Spring DispatcherServlet 'dispatcherServlet'
[INFO ] 2021-09-08 15:39:51.918 [] DispatcherServlet - Initializing Servlet 'dispatcherServlet'
[INFO ] 2021-09-08 15:39:51.919 [] DispatcherServlet - Completed initialization in 1 ms
[INFO ] 2021-09-08 15:39:59.275 [] PaymentController - PaymentRequest: TokenKey-1601353776839FT19310RH6P1, Data-PaymentRequest(tokenKey=1601353776839FT19310RH6P1, apiID=restPayment, mobile=0345225630, bankCode=970445, accountNo=0001100014211002, payDate=20200929112923, additionalData=11, debitAmount=11200, respCode=00, respDesc=SUCCESS, traceTransfer=FT19310RH6P1, messageType=1, checkSum=07cb3cb1adce3aad292fc722213e0ce493d12e25c2761d8d5424aef25d5dbec4, orderCode=FT19310RH6P1, userName=cntest001, realAmount=11100, promotionCode=11)
[INFO ] 2021-09-08 15:39:59.500 [] PaymentController - Response : PaymentResponse(code=00, message=Success)
[WARN ] 2021-09-08 15:41:05.215 [] JedisFactory - Error while close
redis.clients.jedis.exceptions.JedisException: Could not return the broken resource to the pool
	at redis.clients.jedis.util.Pool.returnBrokenResourceObject(Pool.java:116) ~[jedis-3.6.3.jar:?]
	at redis.clients.jedis.util.Pool.returnBrokenResource(Pool.java:98) ~[jedis-3.6.3.jar:?]
	at redis.clients.jedis.JedisPool.returnResource(JedisPool.java:382) ~[jedis-3.6.3.jar:?]
	at redis.clients.jedis.JedisPool.returnResource(JedisPool.java:15) ~[jedis-3.6.3.jar:?]
	at redis.clients.jedis.Jedis.close(Jedis.java:3957) ~[jedis-3.6.3.jar:?]
	at redis.clients.jedis.JedisFactory.destroyObject(JedisFactory.java:166) [jedis-3.6.3.jar:?]
	at org.apache.commons.pool2.PooledObjectFactory.destroyObject(PooledObjectFactory.java:126) [commons-pool2-2.9.0.jar:2.9.0]
	at org.apache.commons.pool2.impl.GenericObjectPool.destroy(GenericObjectPool.java:958) [commons-pool2-2.9.0.jar:2.9.0]
	at org.apache.commons.pool2.impl.GenericObjectPool.evict(GenericObjectPool.java:797) [commons-pool2-2.9.0.jar:2.9.0]
	at org.apache.commons.pool2.impl.BaseGenericObjectPool$Evictor.run(BaseGenericObjectPool.java:1160) [commons-pool2-2.9.0.jar:2.9.0]
	at org.apache.commons.pool2.impl.EvictionTimer$WeakRunner.run(EvictionTimer.java:213) [commons-pool2-2.9.0.jar:2.9.0]
	at java.util.concurrent.Executors$RunnableAdapter.call(Executors.java:511) [?:1.8.0_291]
	at java.util.concurrent.FutureTask.runAndReset(FutureTask.java:308) [?:1.8.0_291]
	at java.util.concurrent.ScheduledThreadPoolExecutor$ScheduledFutureTask.access$301(ScheduledThreadPoolExecutor.java:180) [?:1.8.0_291]
	at java.util.concurrent.ScheduledThreadPoolExecutor$ScheduledFutureTask.run(ScheduledThreadPoolExecutor.java:294) [?:1.8.0_291]
	at java.util.concurrent.ThreadPoolExecutor.runWorker(ThreadPoolExecutor.java:1149) [?:1.8.0_291]
	at java.util.concurrent.ThreadPoolExecutor$Worker.run(ThreadPoolExecutor.java:624) [?:1.8.0_291]
	at java.lang.Thread.run(Thread.java:748) [?:1.8.0_291]
Caused by: java.lang.IllegalStateException: Invalidated object not currently part of this pool
	at org.apache.commons.pool2.impl.GenericObjectPool.invalidateObject(GenericObjectPool.java:642) ~[commons-pool2-2.9.0.jar:2.9.0]
	at org.apache.commons.pool2.impl.GenericObjectPool.invalidateObject(GenericObjectPool.java:620) ~[commons-pool2-2.9.0.jar:2.9.0]
	at redis.clients.jedis.util.Pool.returnBrokenResourceObject(Pool.java:114) ~[jedis-3.6.3.jar:?]
	... 17 more
[INFO ] 2021-09-08 15:41:40.127 [] DemoV1Application - Starting DemoV1Application using Java 1.8.0_291 on DESKTOP-CD090595 with PID 16340 (C:\Users\Lucky Star\eclipse-workspace\demoV1\target\classes started by Lucky Star in C:\Users\Lucky Star\eclipse-workspace\demoV1)
[INFO ] 2021-09-08 15:41:40.127 [] DemoV1Application - No active profile set, falling back to default profiles: default
[INFO ] 2021-09-08 15:41:40.351 [] RepositoryConfigurationDelegate - Multiple Spring Data modules found, entering strict repository configuration mode!
[INFO ] 2021-09-08 15:41:40.351 [] RepositoryConfigurationDelegate - Bootstrapping Spring Data Redis repositories in DEFAULT mode.
[INFO ] 2021-09-08 15:41:40.352 [] RepositoryConfigurationDelegate - Finished Spring Data repository scanning in 0 ms. Found 0 Redis repository interfaces.
[INFO ] 2021-09-08 15:41:40.424 [] TomcatWebServer - Tomcat initialized with port(s): 8080 (http)
[INFO ] 2021-09-08 15:41:40.424 [] Http11NioProtocol - Initializing ProtocolHandler ["http-nio-8080"]
[INFO ] 2021-09-08 15:41:40.425 [] StandardService - Starting service [Tomcat]
[INFO ] 2021-09-08 15:41:40.425 [] StandardEngine - Starting Servlet engine: [Apache Tomcat/9.0.52]
[INFO ] 2021-09-08 15:41:40.436 [] [/] - Initializing Spring embedded WebApplicationContext
[INFO ] 2021-09-08 15:41:40.436 [] ServletWebServerApplicationContext - Root WebApplicationContext: initialization completed in 306 ms
[INFO ] 2021-09-08 15:41:40.531 [] OptionalLiveReloadServer - LiveReload server is running on port 35729
[INFO ] 2021-09-08 15:41:40.564 [] Http11NioProtocol - Starting ProtocolHandler ["http-nio-8080"]
[INFO ] 2021-09-08 15:41:40.565 [] TomcatWebServer - Tomcat started on port(s): 8080 (http) with context path ''
[INFO ] 2021-09-08 15:41:40.592 [] DemoV1Application - Started DemoV1Application in 0.511 seconds (JVM running for 128.157)
[INFO ] 2021-09-08 15:41:40.594 [] ConditionEvaluationDeltaLoggingListener - Condition evaluation unchanged
[INFO ] 2021-09-08 15:45:54.003 [] DemoV1Application - Starting DemoV1Application using Java 1.8.0_291 on DESKTOP-CD090595 with PID 16340 (C:\Users\Lucky Star\eclipse-workspace\demoV1\target\classes started by Lucky Star in C:\Users\Lucky Star\eclipse-workspace\demoV1)
[INFO ] 2021-09-08 15:45:54.004 [] DemoV1Application - No active profile set, falling back to default profiles: default
[INFO ] 2021-09-08 15:45:54.209 [] RepositoryConfigurationDelegate - Multiple Spring Data modules found, entering strict repository configuration mode!
[INFO ] 2021-09-08 15:45:54.209 [] RepositoryConfigurationDelegate - Bootstrapping Spring Data Redis repositories in DEFAULT mode.
[INFO ] 2021-09-08 15:45:54.210 [] RepositoryConfigurationDelegate - Finished Spring Data repository scanning in 0 ms. Found 0 Redis repository interfaces.
[INFO ] 2021-09-08 15:45:54.276 [] TomcatWebServer - Tomcat initialized with port(s): 8080 (http)
[INFO ] 2021-09-08 15:45:54.277 [] Http11NioProtocol - Initializing ProtocolHandler ["http-nio-8080"]
[INFO ] 2021-09-08 15:45:54.277 [] StandardService - Starting service [Tomcat]
[INFO ] 2021-09-08 15:45:54.277 [] StandardEngine - Starting Servlet engine: [Apache Tomcat/9.0.52]
[INFO ] 2021-09-08 15:45:54.287 [] [/] - Initializing Spring embedded WebApplicationContext
[INFO ] 2021-09-08 15:45:54.287 [] ServletWebServerApplicationContext - Root WebApplicationContext: initialization completed in 282 ms
[INFO ] 2021-09-08 15:45:54.370 [] OptionalLiveReloadServer - LiveReload server is running on port 35729
[INFO ] 2021-09-08 15:45:54.398 [] Http11NioProtocol - Starting ProtocolHandler ["http-nio-8080"]
[INFO ] 2021-09-08 15:45:54.399 [] TomcatWebServer - Tomcat started on port(s): 8080 (http) with context path ''
[INFO ] 2021-09-08 15:45:54.423 [] DemoV1Application - Started DemoV1Application in 0.459 seconds (JVM running for 381.988)
[INFO ] 2021-09-08 15:45:54.424 [] ConditionEvaluationDeltaLoggingListener - Condition evaluation unchanged
[INFO ] 2021-09-08 16:00:18.863 [] DemoV1Application - Starting DemoV1Application using Java 1.8.0_291 on DESKTOP-CD090595 with PID 16340 (C:\Users\Lucky Star\eclipse-workspace\demoV1\target\classes started by Lucky Star in C:\Users\Lucky Star\eclipse-workspace\demoV1)
[INFO ] 2021-09-08 16:00:18.863 [] DemoV1Application - No active profile set, falling back to default profiles: default
[INFO ] 2021-09-08 16:00:19.066 [] RepositoryConfigurationDelegate - Multiple Spring Data modules found, entering strict repository configuration mode!
[INFO ] 2021-09-08 16:00:19.066 [] RepositoryConfigurationDelegate - Bootstrapping Spring Data Redis repositories in DEFAULT mode.
[INFO ] 2021-09-08 16:00:19.067 [] RepositoryConfigurationDelegate - Finished Spring Data repository scanning in 0 ms. Found 0 Redis repository interfaces.
[INFO ] 2021-09-08 16:00:19.134 [] TomcatWebServer - Tomcat initialized with port(s): 8080 (http)
[INFO ] 2021-09-08 16:00:19.134 [] Http11NioProtocol - Initializing ProtocolHandler ["http-nio-8080"]
[INFO ] 2021-09-08 16:00:19.134 [] StandardService - Starting service [Tomcat]
[INFO ] 2021-09-08 16:00:19.134 [] StandardEngine - Starting Servlet engine: [Apache Tomcat/9.0.52]
[INFO ] 2021-09-08 16:00:19.195 [] [/] - Initializing Spring embedded WebApplicationContext
[INFO ] 2021-09-08 16:00:19.195 [] ServletWebServerApplicationContext - Root WebApplicationContext: initialization completed in 330 ms
[INFO ] 2021-09-08 16:00:19.276 [] OptionalLiveReloadServer - LiveReload server is running on port 35729
[INFO ] 2021-09-08 16:00:19.305 [] Http11NioProtocol - Starting ProtocolHandler ["http-nio-8080"]
[INFO ] 2021-09-08 16:00:19.306 [] TomcatWebServer - Tomcat started on port(s): 8080 (http) with context path ''
[INFO ] 2021-09-08 16:00:19.328 [] DemoV1Application - Started DemoV1Application in 0.504 seconds (JVM running for 1246.893)
[INFO ] 2021-09-08 16:00:19.329 [] ConditionEvaluationDeltaLoggingListener - Condition evaluation unchanged
[INFO ] 2021-09-08 16:08:49.138 [] [/] - Initializing Spring DispatcherServlet 'dispatcherServlet'
[INFO ] 2021-09-08 16:08:49.138 [] DispatcherServlet - Initializing Servlet 'dispatcherServlet'
[INFO ] 2021-09-08 16:08:49.139 [] DispatcherServlet - Completed initialization in 1 ms
[INFO ] 2021-09-08 16:08:58.112 [] PaymentController - PaymentRequest: TokenKey-1601353776839FT19310RH6P1, Data-PaymentRequest(tokenKey=1601353776839FT19310RH6P1, apiID=restPayment, mobile=0345225630, bankCode=970445, accountNo=0001100014211002, payDate=20200929112923, additionalData=11, debitAmount=11200, respCode=00, respDesc=SUCCESS, traceTransfer=FT19310RH6P1, messageType=1, checkSum=07cb3cb1adce3aad292fc722213e0ce493d12e25c2761d8d5424aef25d5dbec4, orderCode=FT19310RH6P1, userName=cntest001, realAmount=11100, promotionCode=11)
[WARN ] 2021-09-08 16:08:58.115 [] JedisPool - Resource is returned to the pool as broken
redis.clients.jedis.exceptions.JedisException: Could not return the resource to the pool
	at redis.clients.jedis.util.Pool.returnResourceObject(Pool.java:92) ~[jedis-3.6.3.jar:?]
	at redis.clients.jedis.JedisPool.returnResource(JedisPool.java:380) [jedis-3.6.3.jar:?]
	at redis.clients.jedis.JedisPool.returnResource(JedisPool.java:15) [jedis-3.6.3.jar:?]
	at redis.clients.jedis.Jedis.close(Jedis.java:3957) [jedis-3.6.3.jar:?]
	at com.vnpay.util.JedisUtil.save(JedisUtil.java:23) [classes/:?]
	at com.vnpay.service.PaymentService.savePayment(PaymentService.java:47) [classes/:?]
	at com.vnpay.controller.PaymentController.addPayment(PaymentController.java:28) [classes/:?]
	at sun.reflect.NativeMethodAccessorImpl.invoke0(Native Method) ~[?:1.8.0_291]
	at sun.reflect.NativeMethodAccessorImpl.invoke(NativeMethodAccessorImpl.java:62) ~[?:1.8.0_291]
	at sun.reflect.DelegatingMethodAccessorImpl.invoke(DelegatingMethodAccessorImpl.java:43) ~[?:1.8.0_291]
	at java.lang.reflect.Method.invoke(Method.java:498) ~[?:1.8.0_291]
	at org.springframework.web.method.support.InvocableHandlerMethod.doInvoke(InvocableHandlerMethod.java:197) [spring-web-5.3.9.jar:5.3.9]
	at org.springframework.web.method.support.InvocableHandlerMethod.invokeForRequest(InvocableHandlerMethod.java:141) [spring-web-5.3.9.jar:5.3.9]
	at org.springframework.web.servlet.mvc.method.annotation.ServletInvocableHandlerMethod.invokeAndHandle(ServletInvocableHandlerMethod.java:106) [spring-webmvc-5.3.9.jar:5.3.9]
	at org.springframework.web.servlet.mvc.method.annotation.RequestMappingHandlerAdapter.invokeHandlerMethod(RequestMappingHandlerAdapter.java:895) [spring-webmvc-5.3.9.jar:5.3.9]
	at org.springframework.web.servlet.mvc.method.annotation.RequestMappingHandlerAdapter.handleInternal(RequestMappingHandlerAdapter.java:808) [spring-webmvc-5.3.9.jar:5.3.9]
	at org.springframework.web.servlet.mvc.method.AbstractHandlerMethodAdapter.handle(AbstractHandlerMethodAdapter.java:87) [spring-webmvc-5.3.9.jar:5.3.9]
	at org.springframework.web.servlet.DispatcherServlet.doDispatch(DispatcherServlet.java:1064) [spring-webmvc-5.3.9.jar:5.3.9]
	at org.springframework.web.servlet.DispatcherServlet.doService(DispatcherServlet.java:963) [spring-webmvc-5.3.9.jar:5.3.9]
	at org.springframework.web.servlet.FrameworkServlet.processRequest(FrameworkServlet.java:1006) [spring-webmvc-5.3.9.jar:5.3.9]
	at org.springframework.web.servlet.FrameworkServlet.doPost(FrameworkServlet.java:909) [spring-webmvc-5.3.9.jar:5.3.9]
	at javax.servlet.http.HttpServlet.service(HttpServlet.java:681) [tomcat-embed-core-9.0.52.jar:4.0.FR]
	at org.springframework.web.servlet.FrameworkServlet.service(FrameworkServlet.java:883) [spring-webmvc-5.3.9.jar:5.3.9]
	at javax.servlet.http.HttpServlet.service(HttpServlet.java:764) [tomcat-embed-core-9.0.52.jar:4.0.FR]
	at org.apache.catalina.core.ApplicationFilterChain.internalDoFilter(ApplicationFilterChain.java:227) [tomcat-embed-core-9.0.52.jar:9.0.52]
	at org.apache.catalina.core.ApplicationFilterChain.doFilter(ApplicationFilterChain.java:162) [tomcat-embed-core-9.0.52.jar:9.0.52]
	at org.apache.tomcat.websocket.server.WsFilter.doFilter(WsFilter.java:53) [tomcat-embed-websocket-9.0.52.jar:9.0.52]
	at org.apache.catalina.core.ApplicationFilterChain.internalDoFilter(ApplicationFilterChain.java:189) [tomcat-embed-core-9.0.52.jar:9.0.52]
	at org.apache.catalina.core.ApplicationFilterChain.doFilter(ApplicationFilterChain.java:162) [tomcat-embed-core-9.0.52.jar:9.0.52]
	at org.springframework.web.filter.RequestContextFilter.doFilterInternal(RequestContextFilter.java:100) [spring-web-5.3.9.jar:5.3.9]
	at org.springframework.web.filter.OncePerRequestFilter.doFilter(OncePerRequestFilter.java:119) [spring-web-5.3.9.jar:5.3.9]
	at org.apache.catalina.core.ApplicationFilterChain.internalDoFilter(ApplicationFilterChain.java:189) [tomcat-embed-core-9.0.52.jar:9.0.52]
	at org.apache.catalina.core.ApplicationFilterChain.doFilter(ApplicationFilterChain.java:162) [tomcat-embed-core-9.0.52.jar:9.0.52]
	at org.springframework.web.filter.FormContentFilter.doFilterInternal(FormContentFilter.java:93) [spring-web-5.3.9.jar:5.3.9]
	at org.springframework.web.filter.OncePerRequestFilter.doFilter(OncePerRequestFilter.java:119) [spring-web-5.3.9.jar:5.3.9]
	at org.apache.catalina.core.ApplicationFilterChain.internalDoFilter(ApplicationFilterChain.java:189) [tomcat-embed-core-9.0.52.jar:9.0.52]
	at org.apache.catalina.core.ApplicationFilterChain.doFilter(ApplicationFilterChain.java:162) [tomcat-embed-core-9.0.52.jar:9.0.52]
	at org.springframework.web.filter.CharacterEncodingFilter.doFilterInternal(CharacterEncodingFilter.java:201) [spring-web-5.3.9.jar:5.3.9]
	at org.springframework.web.filter.OncePerRequestFilter.doFilter(OncePerRequestFilter.java:119) [spring-web-5.3.9.jar:5.3.9]
	at org.apache.catalina.core.ApplicationFilterChain.internalDoFilter(ApplicationFilterChain.java:189) [tomcat-embed-core-9.0.52.jar:9.0.52]
	at org.apache.catalina.core.ApplicationFilterChain.doFilter(ApplicationFilterChain.java:162) [tomcat-embed-core-9.0.52.jar:9.0.52]
	at org.apache.catalina.core.StandardWrapperValve.invoke(StandardWrapperValve.java:197) [tomcat-embed-core-9.0.52.jar:9.0.52]
	at org.apache.catalina.core.StandardContextValve.invoke(StandardContextValve.java:97) [tomcat-embed-core-9.0.52.jar:9.0.52]
	at org.apache.catalina.authenticator.AuthenticatorBase.invoke(AuthenticatorBase.java:542) [tomcat-embed-core-9.0.52.jar:9.0.52]
	at org.apache.catalina.core.StandardHostValve.invoke(StandardHostValve.java:135) [tomcat-embed-core-9.0.52.jar:9.0.52]
	at org.apache.catalina.valves.ErrorReportValve.invoke(ErrorReportValve.java:92) [tomcat-embed-core-9.0.52.jar:9.0.52]
	at org.apache.catalina.core.StandardEngineValve.invoke(StandardEngineValve.java:78) [tomcat-embed-core-9.0.52.jar:9.0.52]
	at org.apache.catalina.connector.CoyoteAdapter.service(CoyoteAdapter.java:357) [tomcat-embed-core-9.0.52.jar:9.0.52]
	at org.apache.coyote.http11.Http11Processor.service(Http11Processor.java:382) [tomcat-embed-core-9.0.52.jar:9.0.52]
	at org.apache.coyote.AbstractProcessorLight.process(AbstractProcessorLight.java:65) [tomcat-embed-core-9.0.52.jar:9.0.52]
	at org.apache.coyote.AbstractProtocol$ConnectionHandler.process(AbstractProtocol.java:893) [tomcat-embed-core-9.0.52.jar:9.0.52]
	at org.apache.tomcat.util.net.NioEndpoint$SocketProcessor.doRun(NioEndpoint.java:1726) [tomcat-embed-core-9.0.52.jar:9.0.52]
	at org.apache.tomcat.util.net.SocketProcessorBase.run(SocketProcessorBase.java:49) [tomcat-embed-core-9.0.52.jar:9.0.52]
	at org.apache.tomcat.util.threads.ThreadPoolExecutor.runWorker(ThreadPoolExecutor.java:1191) [tomcat-embed-core-9.0.52.jar:9.0.52]
	at org.apache.tomcat.util.threads.ThreadPoolExecutor$Worker.run(ThreadPoolExecutor.java:659) [tomcat-embed-core-9.0.52.jar:9.0.52]
	at org.apache.tomcat.util.threads.TaskThread$WrappingRunnable.run(TaskThread.java:61) [tomcat-embed-core-9.0.52.jar:9.0.52]
	at java.lang.Thread.run(Thread.java:748) [?:1.8.0_291]
Caused by: java.lang.IllegalStateException: Object has already been returned to this pool or is invalid
	at org.apache.commons.pool2.impl.BaseGenericObjectPool.markReturningState(BaseGenericObjectPool.java:1027) ~[commons-pool2-2.9.0.jar:2.9.0]
	at org.apache.commons.pool2.impl.GenericObjectPool.returnObject(GenericObjectPool.java:537) ~[commons-pool2-2.9.0.jar:2.9.0]
	at redis.clients.jedis.util.Pool.returnResourceObject(Pool.java:90) ~[jedis-3.6.3.jar:?]
	... 56 more
[INFO ] 2021-09-08 16:08:58.116 [] PaymentController - Response : PaymentResponse(code=00, message=Success)
[INFO ] 2021-09-08 16:12:23.632 [] DemoV1Application - Starting DemoV1Application using Java 1.8.0_291 on DESKTOP-CD090595 with PID 16340 (C:\Users\Lucky Star\eclipse-workspace\demoV1\target\classes started by Lucky Star in C:\Users\Lucky Star\eclipse-workspace\demoV1)
[INFO ] 2021-09-08 16:12:23.632 [] DemoV1Application - No active profile set, falling back to default profiles: default
[INFO ] 2021-09-08 16:12:23.831 [] RepositoryConfigurationDelegate - Multiple Spring Data modules found, entering strict repository configuration mode!
[INFO ] 2021-09-08 16:12:23.831 [] RepositoryConfigurationDelegate - Bootstrapping Spring Data Redis repositories in DEFAULT mode.
[INFO ] 2021-09-08 16:12:23.832 [] RepositoryConfigurationDelegate - Finished Spring Data repository scanning in 0 ms. Found 0 Redis repository interfaces.
[INFO ] 2021-09-08 16:12:23.901 [] TomcatWebServer - Tomcat initialized with port(s): 8080 (http)
[INFO ] 2021-09-08 16:12:23.901 [] Http11NioProtocol - Initializing ProtocolHandler ["http-nio-8080"]
[INFO ] 2021-09-08 16:12:23.901 [] StandardService - Starting service [Tomcat]
[INFO ] 2021-09-08 16:12:23.901 [] StandardEngine - Starting Servlet engine: [Apache Tomcat/9.0.52]
[INFO ] 2021-09-08 16:12:23.912 [] [/] - Initializing Spring embedded WebApplicationContext
[INFO ] 2021-09-08 16:12:23.912 [] ServletWebServerApplicationContext - Root WebApplicationContext: initialization completed in 278 ms
[INFO ] 2021-09-08 16:12:23.991 [] OptionalLiveReloadServer - LiveReload server is running on port 35729
[INFO ] 2021-09-08 16:12:24.020 [] Http11NioProtocol - Starting ProtocolHandler ["http-nio-8080"]
[INFO ] 2021-09-08 16:12:24.021 [] TomcatWebServer - Tomcat started on port(s): 8080 (http) with context path ''
[INFO ] 2021-09-08 16:12:24.043 [] DemoV1Application - Started DemoV1Application in 0.45 seconds (JVM running for 1971.607)
[INFO ] 2021-09-08 16:12:24.045 [] ConditionEvaluationDeltaLoggingListener - Condition evaluation unchanged
[INFO ] 2021-09-08 16:25:31.728 [] [/] - Initializing Spring DispatcherServlet 'dispatcherServlet'
[INFO ] 2021-09-08 16:25:31.728 [] DispatcherServlet - Initializing Servlet 'dispatcherServlet'
[INFO ] 2021-09-08 16:25:31.730 [] DispatcherServlet - Completed initialization in 2 ms
[INFO ] 2021-09-08 16:25:43.927 [] PaymentController - PaymentRequest: TokenKey-1601353776839FT19310RH6P1, Data-PaymentRequest(tokenKey=1601353776839FT19310RH6P1, apiID=restPayment, mobile=0345225630, bankCode=970445, accountNo=0001100014211002, payDate=20200929112923, additionalData=11, debitAmount=11200, respCode=00, respDesc=SUCCESS, traceTransfer=FT19310RH6P1, messageType=1, checkSum=07cb3cb1adce3aad292fc722213e0ce493d12e25c2761d8d5424aef25d5dbec4, orderCode=FT19310RH6P1, userName=cntest001, realAmount=11100, promotionCode=112222)
[INFO ] 2021-09-08 16:25:43.930 [] PaymentController - Response : PaymentResponse(code=00, message=Success)
[INFO ] 2021-09-08 18:01:10.950 [] SpringApplicationAdminMXBeanRegistrar$SpringApplicationAdmin - Application shutdown requested.
